{"C:\\Users\\Denis\\Desktop\\курсики\\arraybuffer2\\src\\index.js": {"path":"C:\\Users\\Denis\\Desktop\\курсики\\arraybuffer2\\src\\index.js","statementMap":{"0":{"start":{"line":3,"column":8},"end":{"line":3,"column":27}},"1":{"start":{"line":7,"column":8},"end":{"line":7,"column":29}},"2":{"start":{"line":11,"column":27},"end":{"line":11,"column":55}},"3":{"start":{"line":13,"column":21},"end":{"line":13,"column":23}},"4":{"start":{"line":14,"column":8},"end":{"line":16,"column":9}},"5":{"start":{"line":14,"column":21},"end":{"line":14,"column":22}},"6":{"start":{"line":15,"column":8},"end":{"line":15,"column":53}},"7":{"start":{"line":17,"column":8},"end":{"line":17,"column":22}}},"fnMap":{"0":{"name":"(anonymous_0)","decl":{"start":{"line":2,"column":4},"end":{"line":2,"column":5}},"loc":{"start":{"line":2,"column":18},"end":{"line":4,"column":5}},"line":2},"1":{"name":"(anonymous_1)","decl":{"start":{"line":6,"column":4},"end":{"line":6,"column":5}},"loc":{"start":{"line":6,"column":17},"end":{"line":8,"column":5}},"line":6},"2":{"name":"(anonymous_2)","decl":{"start":{"line":10,"column":4},"end":{"line":10,"column":5}},"loc":{"start":{"line":10,"column":15},"end":{"line":18,"column":5}},"line":10}},"branchMap":{},"s":{"0":3,"1":2,"2":1,"3":1,"4":1,"5":1,"6":53,"7":1},"f":{"0":3,"1":2,"2":1},"b":{},"_coverageSchema":"1a1c01bbd47fc00a2c39e90264f33305004495a9","hash":"ee7ea22ffdccc3e42c3db85ef6671619a2e11722"}
}
